callchain: type DWARF
callchain: stack dump size 1024
Using CPUID GenuineIntel-6-3C-3
Compression enabled, disabling build id collection at the end of the session.
path: /home/mzamith/Documents/Projetos/HPC/problems-profile/gol-vtune/Game of life/r000hpc/data.0
basename: 9191.perf
nr_cblocks: 0
affinity: SYS
mmap flush: 1
comp level: 1
WARNING: The use of --call-graph=dwarf may require all the user registers, specifying a subset with --user-regs may render DWARF unwinding unreliable, so the minimal registers set (IP, SP) is explicitly forced.
WARNING: The use of --call-graph=dwarf may require all the user registers, specifying a subset with --user-regs may render DWARF unwinding unreliable, so the minimal registers set (IP, SP) is explicitly forced.
WARNING: The use of --call-graph=dwarf may require all the user registers, specifying a subset with --user-regs may render DWARF unwinding unreliable, so the minimal registers set (IP, SP) is explicitly forced.
WARNING: The use of --call-graph=dwarf may require all the user registers, specifying a subset with --user-regs may render DWARF unwinding unreliable, so the minimal registers set (IP, SP) is explicitly forced.
WARNING: The use of --call-graph=dwarf may require all the user registers, specifying a subset with --user-regs may render DWARF unwinding unreliable, so the minimal registers set (IP, SP) is explicitly forced.
WARNING: The use of --call-graph=dwarf may require all the user registers, specifying a subset with --user-regs may render DWARF unwinding unreliable, so the minimal registers set (IP, SP) is explicitly forced.
WARNING: The use of --call-graph=dwarf may require all the user registers, specifying a subset with --user-regs may render DWARF unwinding unreliable, so the minimal registers set (IP, SP) is explicitly forced.
WARNING: The use of --call-graph=dwarf may require all the user registers, specifying a subset with --user-regs may render DWARF unwinding unreliable, so the minimal registers set (IP, SP) is explicitly forced.
WARNING: The use of --call-graph=dwarf may require all the user registers, specifying a subset with --user-regs may render DWARF unwinding unreliable, so the minimal registers set (IP, SP) is explicitly forced.
WARNING: The use of --call-graph=dwarf may require all the user registers, specifying a subset with --user-regs may render DWARF unwinding unreliable, so the minimal registers set (IP, SP) is explicitly forced.
WARNING: The use of --call-graph=dwarf may require all the user registers, specifying a subset with --user-regs may render DWARF unwinding unreliable, so the minimal registers set (IP, SP) is explicitly forced.
WARNING: The use of --call-graph=dwarf may require all the user registers, specifying a subset with --user-regs may render DWARF unwinding unreliable, so the minimal registers set (IP, SP) is explicitly forced.
WARNING: The use of --call-graph=dwarf may require all the user registers, specifying a subset with --user-regs may render DWARF unwinding unreliable, so the minimal registers set (IP, SP) is explicitly forced.
WARNING: The use of --call-graph=dwarf may require all the user registers, specifying a subset with --user-regs may render DWARF unwinding unreliable, so the minimal registers set (IP, SP) is explicitly forced.
WARNING: The use of --call-graph=dwarf may require all the user registers, specifying a subset with --user-regs may render DWARF unwinding unreliable, so the minimal registers set (IP, SP) is explicitly forced.
WARNING: The use of --call-graph=dwarf may require all the user registers, specifying a subset with --user-regs may render DWARF unwinding unreliable, so the minimal registers set (IP, SP) is explicitly forced.
WARNING: The use of --call-graph=dwarf may require all the user registers, specifying a subset with --user-regs may render DWARF unwinding unreliable, so the minimal registers set (IP, SP) is explicitly forced.
WARNING: The use of --call-graph=dwarf may require all the user registers, specifying a subset with --user-regs may render DWARF unwinding unreliable, so the minimal registers set (IP, SP) is explicitly forced.
WARNING: The use of --call-graph=dwarf may require all the user registers, specifying a subset with --user-regs may render DWARF unwinding unreliable, so the minimal registers set (IP, SP) is explicitly forced.
WARNING: The use of --call-graph=dwarf may require all the user registers, specifying a subset with --user-regs may render DWARF unwinding unreliable, so the minimal registers set (IP, SP) is explicitly forced.
WARNING: The use of --call-graph=dwarf may require all the user registers, specifying a subset with --user-regs may render DWARF unwinding unreliable, so the minimal registers set (IP, SP) is explicitly forced.
WARNING: The use of --call-graph=dwarf may require all the user registers, specifying a subset with --user-regs may render DWARF unwinding unreliable, so the minimal registers set (IP, SP) is explicitly forced.
WARNING: The use of --call-graph=dwarf may require all the user registers, specifying a subset with --user-regs may render DWARF unwinding unreliable, so the minimal registers set (IP, SP) is explicitly forced.
WARNING: The use of --call-graph=dwarf may require all the user registers, specifying a subset with --user-regs may render DWARF unwinding unreliable, so the minimal registers set (IP, SP) is explicitly forced.
WARNING: The use of --call-graph=dwarf may require all the user registers, specifying a subset with --user-regs may render DWARF unwinding unreliable, so the minimal registers set (IP, SP) is explicitly forced.
mmap size 528384B
thread 0 monitor: 0 allowed: 0
thread 1 monitor: 1 allowed: 1
thread 2 monitor: 2 allowed: 2
thread 3 monitor: 3 allowed: 3
cmd_pipe: /tmp/amplxe-tmp-mzamith/perf-pipe-9170-21001901417364

9244:perf-sync:ready:TSC=21002348221786
[ perf record: Woken up 1181 times to write data ]
[ perf record: Captured and wrote 3.122 MB /home/mzamith/Documents/Projetos/HPC/problems-profile/gol-vtune/Game of life/r000hpc/data.0, compressed (original 280.893 MB, ratio is 91.305) ]
